e:\c\gataserver\gataserver\x64\debug\vc143.pdb
e:\c\gataserver\gataserver\x64\debug\vc143.idb
e:\c\gataserver\gataserver\x64\debug\varifygrpcclient.obj
e:\c\gataserver\gataserver\x64\debug\message.pb.obj
e:\c\gataserver\gataserver\x64\debug\message.grpc.pb.obj
e:\c\gataserver\gataserver\x64\debug\logicsystem.obj
e:\c\gataserver\gataserver\x64\debug\iocontextpool.obj
e:\c\gataserver\gataserver\x64\debug\httpconnection.obj
e:\c\gataserver\gataserver\x64\debug\gataserver.obj
e:\c\gataserver\gataserver\x64\debug\cserver.obj
e:\c\gataserver\gataserver\x64\debug\configmgr.obj
e:\c\gataserver\gataserver\x64\debug\redismgr.obj
e:\c\gataserver\x64\debug\gataserver.exe
e:\c\gataserver\x64\debug\gataserver.pdb
e:\c\gataserver\gataserver\x64\debug\gataserver.ilk
e:\c\gataserver\gataserver\x64\debug\gataserver.tlog\cl.command.1.tlog
e:\c\gataserver\gataserver\x64\debug\gataserver.tlog\cl.items.tlog
e:\c\gataserver\gataserver\x64\debug\gataserver.tlog\cl.read.1.tlog
e:\c\gataserver\gataserver\x64\debug\gataserver.tlog\cl.write.1.tlog
e:\c\gataserver\gataserver\x64\debug\gataserver.tlog\link.command.1.tlog
e:\c\gataserver\gataserver\x64\debug\gataserver.tlog\link.read.1.tlog
e:\c\gataserver\gataserver\x64\debug\gataserver.tlog\link.secondary.1.tlog
e:\c\gataserver\gataserver\x64\debug\gataserver.tlog\link.write.1.tlog
